[2025-05-07 21:06:13] Giriş: Bilinmeyen
[2025-05-07 21:18:59] Kayıt: bebe
[2025-05-07 21:19:17] Giriş: Bilinmeyen
[2025-05-07 21:21:19] Sil:bebe[2025-05-07 21:54:27] Kayıt: mavi
[2025-05-07 23:22:44] Silme: mavi
[2025-05-07 23:35:25] Kayıt (dosya): eşek
[2025-05-07 23:41:47] Silme: eşek
[2025-05-07 23:45:31] Kayıt: mahmut
[2025-05-07 23:50:00] Kayıt (dosya): kadın
[2025-05-07 23:50:24] Kayıt: kemal
[2025-05-07 23:50:28] Silme: mahmut
[2025-05-07 23:50:30] Silme: kadın
[2025-05-07 23:55:23] Kayıt (dosya): okey
[2025-05-07 23:55:55] Silme: okey
[2025-05-07 23:55:58] Silme: kemal
[2025-05-08 00:04:59] Kayıt: kemal
[2025-05-08 00:05:08] Kayıt (dosya): mahmut
[2025-05-08 00:07:18] Silme: mahmut
[2025-05-08 00:07:20] Silme: kemal
[2025-05-08 00:11:04] Kayıt: kemal
[2025-05-08 00:11:20] Kayıt (dosya): abla
[2025-05-08 00:11:24] Silme: abla
[2025-05-08 00:18:14] Kayıt: mehmet
[2025-05-08 00:18:33] Kayıt (dosya): abla
[2025-05-08 00:18:36] Silme: abla
[2025-05-08 00:18:37] Silme: mehmet
[2025-05-08 00:26:04] Giriş: kemal
[2025-05-08 00:26:14] Giriş: kemal
[2025-05-08 00:29:56] Giriş: kemal
[2025-05-08 00:30:03] Giriş: kemal
[2025-05-08 00:30:12] Giriş: kemal
[2025-05-08 00:36:04] Kayıt: quaresma
[2025-05-08 00:46:49] Giriş: quaresma
[2025-05-08 00:46:53] Giriş: kemal
[2025-05-08 00:46:57] Giriş: kemal
[2025-05-08 00:47:00] Giriş: quaresma
[2025-05-08 00:47:19] Silme: quaresma
[2025-05-08 01:09:16] Giriş: kemal
[2025-05-08 01:09:24] Giriş: kemal
[2025-05-08 01:15:47] Giriş: kemal
[2025-05-08 01:15:50] Giriş: kemal
[2025-05-08 01:15:54] Giriş: kemal
[2025-05-08 01:15:58] Giriş: kemal
[2025-05-08 01:16:01] Giriş: kemal
[2025-05-08 01:16:05] Giriş: kemal
[2025-05-08 01:16:09] Giriş: kemal
[2025-05-08 01:16:23] Giriş: kemal
[2025-05-08 01:25:24] Giriş: kemal
[2025-05-08 01:25:27] Giriş: kemal
[2025-05-08 01:25:31] Giriş: kemal
[2025-05-08 01:25:37] Giriş: kemal
[2025-05-08 01:32:13] Giriş: kemal
[2025-05-08 01:32:17] Giriş: kemal
[2025-05-08 01:32:20] Giriş: kemal
[2025-05-08 01:32:24] Giriş: kemal
[2025-05-08 01:32:28] Giriş: kemal
[2025-05-08 01:40:36] Giriş: kemal
[2025-05-08 01:40:44] Giriş: kemal
[2025-05-08 01:40:53] Giriş: kemal
[2025-05-08 01:40:58] Giriş: kemal
[2025-05-08 01:48:01] Giriş: kemal
[2025-05-08 01:52:35] Giriş: kemal
[2025-05-08 01:52:40] Giriş: kemal
[2025-05-08 01:52:45] Giriş: kemal
[2025-05-08 01:52:48] Giriş: kemal
[2025-05-08 02:03:21] Giriş: kemal
[2025-05-08 10:41:48] Giriş: kemal
[2025-05-08 11:12:18] Giriş: kemal
[2025-05-08 11:12:21] Giriş: kemal
[2025-05-08 11:12:27] Giriş: kemal
[2025-05-08 11:15:47] Giriş: kemal
[2025-05-08 11:27:23] Kayıt (dosya): qua
[2025-05-08 11:27:31] Giriş: qua
[2025-05-08 11:27:37] Giriş: qua
[2025-05-08 11:27:45] Giriş: qua
[2025-05-08 11:36:40] Kayıt (kamera): aslan[2025-05-08 11:40:58] Kayıt (kamera): mrb
[2025-05-08 11:41:24] Giriş: aslan
[2025-05-08 11:54:08] Kayıt: erhan
[2025-05-08 11:54:26] Giriş: erhan
[2025-05-08 12:07:14] Giriş: mrb
[2025-05-08 12:07:22] Silme: erhan
[2025-05-08 12:07:23] Silme: mrb
[2025-05-08 12:07:25] Silme: aslan
[2025-05-08 12:07:26] Silme: qua
[2025-05-08 12:08:44] Kayıt: dene
[2025-05-08 12:49:59] Kayıt: armut
[2025-05-08 12:50:17] Kayıt (dosya): sa
[2025-05-08 12:50:21] Silme: sa
[2025-05-08 13:14:56] Kayıt: asdasdas
[2025-05-08 13:15:03] Kayıt (dosya): ghj
[2025-05-08 13:22:20] Silme: ghj
[2025-05-08 13:22:23] Silme: asdasdas
[2025-05-08 13:25:26] Kayıt: abo
[2025-05-08 13:25:32] Kayıt (dosya): abov
[2025-05-08 13:29:18] Kayıt: derya
[2025-05-08 13:29:27] Kayıt (dosya): abuzer
[2025-05-08 13:29:31] Silme: abov
[2025-05-08 13:29:33] Silme: abo
[2025-05-08 13:29:34] Silme: dene
[2025-05-08 13:29:36] Silme: armut
[2025-05-08 13:35:16] Kayıt: selam
[2025-05-08 13:44:14] Kayıt: eee
[2025-05-08 13:47:27] Kayıt: yeto
[2025-05-08 13:47:32] Silme: derya
[2025-05-08 13:47:34] Silme: abuzer
[2025-05-08 13:47:35] Silme: selam
[2025-05-08 13:47:36] Silme: eee
[2025-05-08 13:57:49] Kayıt: ekmek
[2025-05-08 14:00:26] Silme: ekmek
[2025-05-08 14:00:27] Silme: yeto
[2025-05-08 14:12:22] Silme: kemal
[2025-05-08 14:12:41] Kayıt: kemal
[2025-05-08 14:30:10] Kayıt:wow
[2025-05-08 14:30:21] Kayıt(dosya):mahmut
[2025-05-08 14:35:56] Silme:wow
[2025-05-08 14:35:58] Silme:mahmut
[2025-05-08 14:36:00] Silme:kemal
[2025-05-08 14:36:18] Kayıt:kemal
[2025-05-08 15:23:21] Kayıt:quaa
[2025-05-08 15:27:20] Kayıt: at
[2025-05-08 15:27:24] Silme:at
[2025-05-08 15:27:25] Silme:quaa
[2025-05-08 15:31:56] Kayıt(dosya):abla
[2025-05-08 15:53:15] Silme:abla
[2025-05-08 16:03:57] Kayıt:yeni kemal
[2025-05-08 16:13:33] Silme:kemal
[2025-05-08 17:51:16] Kayıt:kemal2
[2025-05-08 19:13:23] Kayıt:bıyık
[2025-05-08 20:44:57] Kayıt:eşref
[2025-05-08 21:07:57] Kayıt: abo
[2025-05-08 21:30:05] Kayıt:kemo
[2025-05-08 21:30:38] Silme:abo
[2025-05-08 21:30:41] Silme:eşref
[2025-05-08 21:30:43] Silme:bıyık
[2025-05-08 21:30:46] Silme:kemal2
[2025-05-08 21:30:49] Silme:yeni kemal
[2025-05-08 22:30:03] Kayıt:deneme
[2025-05-08 22:30:59] Silme:deneme
[2025-05-08 22:31:03] Silme:kemo
[2025-05-08 22:35:48] Kayıt (dosya): abızer
[2025-05-08 22:37:59] Kayıt (dosya): kemo
[2025-05-08 22:41:16] Kayıt (dosya): aslan
[2025-05-08 22:46:21] Kayıt (dosya): memet
[2025-05-08 22:46:28] Silme:memet
[2025-05-08 22:46:30] Silme:abızer
[2025-05-08 22:46:33] Silme:aslan
[2025-05-08 22:52:51] Kayıt (dosya): asdasd
[2025-05-08 22:52:58] Silme:asdasd
[2025-05-08 23:00:20] Kayıt (dosya): a
[2025-05-08 23:00:36] Silme:a
[2025-05-08 23:07:31] Kayıt:hehehe
[2025-05-08 23:07:41] Silme:hehehe
[2025-05-09 14:30:48] Kayıt:dene
[2025-05-09 14:33:26] Silme:dene
[2025-05-09 15:07:36] Kayıt:aaa
[2025-05-09 15:07:45] Silme:aaa
[2025-05-09 15:54:48] Kayıt:wow
[2025-05-09 16:08:38] Silme:wow
[2025-05-09 17:12:18] Kayıt:furkan
[2025-05-09 17:18:12] Silme:furkan
[2025-05-10 13:59:03] Kayıt:kemal2
[2025-05-10 13:59:47] Kayıt (dosya): asponder
[2025-05-10 13:59:59] Silme:asponder
[2025-05-10 14:03:34] Kayıt:amaa
[2025-05-10 14:09:19] Silme:amaa
[2025-05-10 14:09:22] Silme:kemal2
